abriendo navegador y redirigiendo a la  pagina
Click en el boton de google +
introduciendo correo
introduciendo password
realizando autenticacion
abriendo navegador y redirigiendo a la  pagina
Click en el boton de google +
introduciendo correo
introduciendo password
realizando autenticacion
aceptar mensaje de bienvendia
click en el boton log out
redirigiendo a la pagina de inicio
abriendo navegador y redirigiendo a la  pagina
Click en el boton de google +
introduciendo correo
introduciendo password
realizando autenticacion
aceptar mensaje de bienvendia
abriendo navegador y redirigiendo a la  pagina
Click en el boton de google +
introduciendo correo
introduciendo password
realizando autenticacion
aceptar mensaje de bienvendia
click en el boton mis OKr
Click en editar Kr
modificando Kr
abriendo navegador y redirigiendo a la  pagina
Click en el boton de google +
introduciendo correo
introduciendo password
realizando autenticacion
aceptar mensaje de bienvendia
click en el boton mis OKr
Click en editar OKr
modificando OKr
abriendo navegador y redirigiendo a la  pagina
Click en el boton de google +
introduciendo correo
introduciendo password
realizando autenticacion
aceptar mensaje de bienvendia
click en el boton mis OKr
Click en el boton Crear OKR
abriendo navegador y redirigiendo a la  pagina
Click en el boton de google +
introduciendo correo
introduciendo password
realizando autenticacion
aceptar mensaje de bienvendia
esperando 2 minutos
redirigiendo a la pagina de inicio
